  using 1 OpenMP thread(s) per MPI task
Created orthogonal box = (-20 -20 -20) to (20 20 20)
  1 by 1 by 1 MPI processor grid
Created 1000 atoms
  using lattice units in orthogonal box = (-20 -20 -20) to (20 20 20)
  create_atoms CPU = 0.000 seconds
Created 150 atoms
  using lattice units in orthogonal box = (-20 -20 -20) to (20 20 20)
  create_atoms CPU = 0.000 seconds
Generated 1 of 1 mixed pair_coeff terms from geometric mixing rule
Neighbor list info ...
  update: every = 1 steps, delay = 0 steps, check = yes
  max neighbors/atom: 2000, page size: 100000
  master list distance cutoff = 4.3
  ghost atom cutoff = 4.3
  binsize = 2.15, bins = 19 19 19
  1 neighbor lists, perpetual/occasional/extra = 1 0 0
  (1) pair lj/cut, perpetual
      attributes: half, newton on
      pair build: half/bin/atomonly/newton
      stencil: half/bin/3d
      bin: standard
Setting up cg style minimization ...
  Unit style    : lj
  Current step  : 0
Per MPI rank memory allocation (min/avg/max) = 4.259 | 4.259 | 4.259 Mbytes
   Step         TotEng         Press     
         0   1.3041584e+08  9373668      
        10   355.99297      25.78955     
        20   1.0128245      0.10434744   
        30  -0.24594885    -0.00017677979
        40  -0.32559517    -0.0017203402 
        50  -0.36335158    -0.0016565287 
        60  -0.39658052    -0.0014846855 
        70  -0.42340938    -0.0013833666 
        80  -0.44571637    -0.0010820364 
        90  -0.46451431    -0.0012592155 
       100  -0.48923421    -0.0011583029 
       110  -0.50750313    -0.0012126791 
       120  -0.52460183    -0.001134073  
       130  -0.54279969    -0.001041069  
       140  -0.55868251    -0.0011900275 
       150  -0.57387928    -0.0011154316 
       160  -0.58576986    -0.0010521574 
       170  -0.6057805     -0.0011832    
       180  -0.62731926    -0.001067991  
       190  -0.64412833    -0.0010654279 
       200  -0.65570072    -0.0010205041 
       210  -0.67002529    -0.0010076255 
       220  -0.68400925    -0.00098753189
       230  -0.69855629    -0.00098053329
       240  -0.71486634    -0.00086622493
       250  -0.72715287    -0.00087753248
       260  -0.74017734    -0.0007854033 
       270  -0.75688966    -0.00081003471
       280  -0.76767892    -0.00099704206
       290  -0.78173316    -0.00081062486
       300  -0.79328641    -0.00074117328
       310  -0.80751316    -0.00067781067
       320  -0.81864505    -0.00084500459
       330  -0.83102709    -0.00069418695
       340  -0.8421045     -0.00076396639
       350  -0.85143621    -0.00069235552
       360  -0.8595836     -0.00056508759
       370  -0.87104198    -0.00092299378
       380  -0.88437545    -0.00075958415
       390  -0.89481601    -0.00070530619
       400  -0.90773427    -0.00079142887
       410  -0.91839485    -0.00080422486
       420  -0.93057904    -0.00076310042
       430  -0.939014      -0.00075647378
       440  -0.95363821    -0.00070201561
       450  -0.9646281     -0.00080042052
       460  -0.98005434    -0.00074260481
       470  -0.98756467    -0.00069333977
       480  -0.99908706    -0.00070124238
       490  -1.0130469     -0.00060361354
       500  -1.0210711     -0.00060486732
       510  -1.0277264     -0.00050528005
       520  -1.0313541     -0.00047581133
       530  -1.0375733     -0.00057508651
       540  -1.0445049     -0.00061420784
       550  -1.0538119     -0.00059727152
       560  -1.0619022     -0.00050924078
       570  -1.0675604     -0.00050952593
       580  -1.0763917     -0.00066887684
       590  -1.0884128     -0.00062078591
       600  -1.1014579     -0.00057820424
       610  -1.108013      -0.00047315325
       620  -1.1126436     -0.00045350731
       630  -1.1160312     -0.00041062188
       640  -1.1202299     -0.00041267366
       650  -1.1295518     -0.00051704725
       660  -1.137998      -0.00053965117
       670  -1.1419198     -0.00039004332
       680  -1.1462436     -0.00036674747
       690  -1.1538017     -0.00049308294
       700  -1.1644972     -0.0004881885 
       710  -1.1713442     -0.00044166409
       720  -1.1766532     -0.00050533538
       730  -1.1911891     -0.00048555408
       740  -1.2010921     -0.00049916071
       750  -1.2080678     -0.00048884351
       760  -1.2148438     -0.00061952882
       770  -1.2236326     -0.0005410414 
       780  -1.2346481     -0.00056792207
       790  -1.2416617     -0.00054096932
       800  -1.2474395     -0.00055542183
       810  -1.2532716     -0.00055027125
       820  -1.2593396     -0.00052409649
       830  -1.2644974     -0.00050059896
       840  -1.2688904     -0.00046982678
       850  -1.2756018     -0.00046205786
       860  -1.2817124     -0.0005234697 
       870  -1.2902238     -0.00044927237
       880  -1.3006659     -0.00058299303
       890  -1.3073961     -0.00050284962
       900  -1.3153527     -0.0006395222 
       910  -1.3210546     -0.00047534711
       920  -1.3283883     -0.0004062893 
       930  -1.3373128     -0.00042729834
       940  -1.3464387     -0.00044441086
       950  -1.3524585     -0.00041298087
       960  -1.3585407     -0.00037566863
       970  -1.3623719     -0.00037817858
       980  -1.3662751     -0.00037152962
       990  -1.3715611     -0.0004002852 
      1000  -1.376333      -0.00039678146
Loop time of 0.252829 on 1 procs for 1000 steps with 1150 atoms

198.9% CPU use with 1 MPI tasks x 1 OpenMP threads

Minimization stats:
  Stopping criterion = max iterations
  Energy initial, next-to-last, final = 
      130415835.895951  -1.37592500455965  -1.37633296375808
  Force two-norm initial, final = 1.6060783e+13 8.7101114
  Force max component initial, final = 1.0518609e+13 2.9612032
  Final line search alpha, max atom move = 0.022365808 0.066229702
  Iterations, force evaluations = 1000 1935

MPI task timing breakdown:
Section |  min time  |  avg time  |  max time  |%varavg| %total
---------------------------------------------------------------
Pair    | 0.072932   | 0.072932   | 0.072932   |   0.0 | 28.85
Neigh   | 0.082945   | 0.082945   | 0.082945   |   0.0 | 32.81
Comm    | 0.013859   | 0.013859   | 0.013859   |   0.0 |  5.48
Output  | 0.0011983  | 0.0011983  | 0.0011983  |   0.0 |  0.47
Modify  | 0          | 0          | 0          |   0.0 |  0.00
Other   |            | 0.0819     |            |       | 32.39

Nlocal:           1150 ave        1150 max        1150 min
Histogram: 1 0 0 0 0 0 0 0 0 0
Nghost:            946 ave         946 max         946 min
Histogram: 1 0 0 0 0 0 0 0 0 0
Neighs:           3638 ave        3638 max        3638 min
Histogram: 1 0 0 0 0 0 0 0 0 0

Total # of neighbors = 3638
Ave neighs/atom = 3.1634783
Neighbor list builds = 327
Dangerous builds = 0
System init for write_data ...
Generated 1 of 1 mixed pair_coeff terms from geometric mixing rule
